
*** Running vivado
    with args -log controller.vds -m64 -product Vivado -mode batch -messageDb vivado.pb -notrace -source controller.tcl


****** Vivado v2019.1 (64-bit)
  **** SW Build 2552052 on Fri May 24 14:47:09 MDT 2019
  **** IP Build 2548770 on Fri May 24 18:01:18 MDT 2019
    ** Copyright 1986-2019 Xilinx, Inc. All Rights Reserved.

source controller.tcl -notrace
Command: synth_design -top controller -part xc7z020clg484-1
Starting synth_design
Attempting to get a license for feature 'Synthesis' and/or device 'xc7z020'
INFO: [Common 17-349] Got license for feature 'Synthesis' and/or device 'xc7z020'
INFO: Launching helper process for spawning children vivado processes
INFO: Helper process launched with PID 18769 
WARNING: [Synth 8-6901] identifier 'mem' is used before its declaration [/afs/ee.cooper.edu/user/g/giuseppe.quaratino/tapeout/controller/sram_1rw1r_128x65536_128.v:62]
WARNING: [Synth 8-6901] identifier 'mem' is used before its declaration [/afs/ee.cooper.edu/user/g/giuseppe.quaratino/tapeout/controller/sram_1rw1r_128x65536_128.v:80]
WARNING: [Synth 8-2369] multiple packed dimensions are not allowed in this mode of verilog [/afs/ee.cooper.edu/user/g/giuseppe.quaratino/tapeout/controller/controller.v:11]
---------------------------------------------------------------------------------
Starting Synthesize : Time (s): cpu = 00:00:02 ; elapsed = 00:00:02 . Memory (MB): peak = 1449.219 ; gain = 81.535 ; free physical = 170 ; free virtual = 18353
---------------------------------------------------------------------------------
INFO: [Synth 8-6157] synthesizing module 'controller' [/afs/ee.cooper.edu/user/g/giuseppe.quaratino/tapeout/controller/controller.v:7]
INFO: [Synth 8-6157] synthesizing module 'sram_1rw1r_128x65536_128' [/afs/ee.cooper.edu/user/g/giuseppe.quaratino/tapeout/controller/sram_1rw1r_128x65536_128.v:6]
	Parameter NUM_WMASKS bound to: 1 - type: integer 
	Parameter DATA_WIDTH bound to: 128 - type: integer 
	Parameter ADDR_WIDTH bound to: 17 - type: integer 
	Parameter RAM_DEPTH bound to: 131072 - type: integer 
	Parameter DELAY bound to: 3 - type: integer 
	Parameter VERBOSE bound to: 1 - type: integer 
	Parameter T_HOLD bound to: 1 - type: integer 
WARNING: [Synth 8-639] system function call 'time' not supported [/afs/ee.cooper.edu/user/g/giuseppe.quaratino/tapeout/controller/sram_1rw1r_128x65536_128.v:62]
WARNING: [Synth 8-639] system function call 'time' not supported [/afs/ee.cooper.edu/user/g/giuseppe.quaratino/tapeout/controller/sram_1rw1r_128x65536_128.v:64]
WARNING: [Synth 8-639] system function call 'time' not supported [/afs/ee.cooper.edu/user/g/giuseppe.quaratino/tapeout/controller/sram_1rw1r_128x65536_128.v:77]
WARNING: [Synth 8-639] system function call 'time' not supported [/afs/ee.cooper.edu/user/g/giuseppe.quaratino/tapeout/controller/sram_1rw1r_128x65536_128.v:80]
INFO: [Synth 8-6155] done synthesizing module 'sram_1rw1r_128x65536_128' (1#1) [/afs/ee.cooper.edu/user/g/giuseppe.quaratino/tapeout/controller/sram_1rw1r_128x65536_128.v:6]
WARNING: [Synth 8-3848] Net curr_block[127] in module/entity controller does not have driver. [/afs/ee.cooper.edu/user/g/giuseppe.quaratino/tapeout/controller/controller.v:11]
WARNING: [Synth 8-3848] Net curr_block[126] in module/entity controller does not have driver. [/afs/ee.cooper.edu/user/g/giuseppe.quaratino/tapeout/controller/controller.v:11]
WARNING: [Synth 8-3848] Net curr_block[125] in module/entity controller does not have driver. [/afs/ee.cooper.edu/user/g/giuseppe.quaratino/tapeout/controller/controller.v:11]
WARNING: [Synth 8-3848] Net curr_block[124] in module/entity controller does not have driver. [/afs/ee.cooper.edu/user/g/giuseppe.quaratino/tapeout/controller/controller.v:11]
WARNING: [Synth 8-3848] Net curr_block[123] in module/entity controller does not have driver. [/afs/ee.cooper.edu/user/g/giuseppe.quaratino/tapeout/controller/controller.v:11]
WARNING: [Synth 8-3848] Net curr_block[122] in module/entity controller does not have driver. [/afs/ee.cooper.edu/user/g/giuseppe.quaratino/tapeout/controller/controller.v:11]
WARNING: [Synth 8-3848] Net curr_block[121] in module/entity controller does not have driver. [/afs/ee.cooper.edu/user/g/giuseppe.quaratino/tapeout/controller/controller.v:11]
WARNING: [Synth 8-3848] Net curr_block[120] in module/entity controller does not have driver. [/afs/ee.cooper.edu/user/g/giuseppe.quaratino/tapeout/controller/controller.v:11]
WARNING: [Synth 8-3848] Net curr_block[119] in module/entity controller does not have driver. [/afs/ee.cooper.edu/user/g/giuseppe.quaratino/tapeout/controller/controller.v:11]
WARNING: [Synth 8-3848] Net curr_block[118] in module/entity controller does not have driver. [/afs/ee.cooper.edu/user/g/giuseppe.quaratino/tapeout/controller/controller.v:11]
WARNING: [Synth 8-3848] Net curr_block[117] in module/entity controller does not have driver. [/afs/ee.cooper.edu/user/g/giuseppe.quaratino/tapeout/controller/controller.v:11]
WARNING: [Synth 8-3848] Net curr_block[116] in module/entity controller does not have driver. [/afs/ee.cooper.edu/user/g/giuseppe.quaratino/tapeout/controller/controller.v:11]
WARNING: [Synth 8-3848] Net curr_block[115] in module/entity controller does not have driver. [/afs/ee.cooper.edu/user/g/giuseppe.quaratino/tapeout/controller/controller.v:11]
WARNING: [Synth 8-3848] Net curr_block[114] in module/entity controller does not have driver. [/afs/ee.cooper.edu/user/g/giuseppe.quaratino/tapeout/controller/controller.v:11]
WARNING: [Synth 8-3848] Net curr_block[113] in module/entity controller does not have driver. [/afs/ee.cooper.edu/user/g/giuseppe.quaratino/tapeout/controller/controller.v:11]
WARNING: [Synth 8-3848] Net curr_block[112] in module/entity controller does not have driver. [/afs/ee.cooper.edu/user/g/giuseppe.quaratino/tapeout/controller/controller.v:11]
WARNING: [Synth 8-3848] Net curr_block[111] in module/entity controller does not have driver. [/afs/ee.cooper.edu/user/g/giuseppe.quaratino/tapeout/controller/controller.v:11]
WARNING: [Synth 8-3848] Net curr_block[110] in module/entity controller does not have driver. [/afs/ee.cooper.edu/user/g/giuseppe.quaratino/tapeout/controller/controller.v:11]
WARNING: [Synth 8-3848] Net curr_block[109] in module/entity controller does not have driver. [/afs/ee.cooper.edu/user/g/giuseppe.quaratino/tapeout/controller/controller.v:11]
WARNING: [Synth 8-3848] Net curr_block[108] in module/entity controller does not have driver. [/afs/ee.cooper.edu/user/g/giuseppe.quaratino/tapeout/controller/controller.v:11]
WARNING: [Synth 8-3848] Net curr_block[107] in module/entity controller does not have driver. [/afs/ee.cooper.edu/user/g/giuseppe.quaratino/tapeout/controller/controller.v:11]
WARNING: [Synth 8-3848] Net curr_block[106] in module/entity controller does not have driver. [/afs/ee.cooper.edu/user/g/giuseppe.quaratino/tapeout/controller/controller.v:11]
WARNING: [Synth 8-3848] Net curr_block[105] in module/entity controller does not have driver. [/afs/ee.cooper.edu/user/g/giuseppe.quaratino/tapeout/controller/controller.v:11]
WARNING: [Synth 8-3848] Net curr_block[104] in module/entity controller does not have driver. [/afs/ee.cooper.edu/user/g/giuseppe.quaratino/tapeout/controller/controller.v:11]
WARNING: [Synth 8-3848] Net curr_block[103] in module/entity controller does not have driver. [/afs/ee.cooper.edu/user/g/giuseppe.quaratino/tapeout/controller/controller.v:11]
WARNING: [Synth 8-3848] Net curr_block[102] in module/entity controller does not have driver. [/afs/ee.cooper.edu/user/g/giuseppe.quaratino/tapeout/controller/controller.v:11]
WARNING: [Synth 8-3848] Net curr_block[101] in module/entity controller does not have driver. [/afs/ee.cooper.edu/user/g/giuseppe.quaratino/tapeout/controller/controller.v:11]
WARNING: [Synth 8-3848] Net curr_block[100] in module/entity controller does not have driver. [/afs/ee.cooper.edu/user/g/giuseppe.quaratino/tapeout/controller/controller.v:11]
WARNING: [Synth 8-3848] Net curr_block[99] in module/entity controller does not have driver. [/afs/ee.cooper.edu/user/g/giuseppe.quaratino/tapeout/controller/controller.v:11]
WARNING: [Synth 8-3848] Net curr_block[98] in module/entity controller does not have driver. [/afs/ee.cooper.edu/user/g/giuseppe.quaratino/tapeout/controller/controller.v:11]
WARNING: [Synth 8-3848] Net curr_block[97] in module/entity controller does not have driver. [/afs/ee.cooper.edu/user/g/giuseppe.quaratino/tapeout/controller/controller.v:11]
WARNING: [Synth 8-3848] Net curr_block[96] in module/entity controller does not have driver. [/afs/ee.cooper.edu/user/g/giuseppe.quaratino/tapeout/controller/controller.v:11]
WARNING: [Synth 8-3848] Net curr_block[95] in module/entity controller does not have driver. [/afs/ee.cooper.edu/user/g/giuseppe.quaratino/tapeout/controller/controller.v:11]
WARNING: [Synth 8-3848] Net curr_block[94] in module/entity controller does not have driver. [/afs/ee.cooper.edu/user/g/giuseppe.quaratino/tapeout/controller/controller.v:11]
WARNING: [Synth 8-3848] Net curr_block[93] in module/entity controller does not have driver. [/afs/ee.cooper.edu/user/g/giuseppe.quaratino/tapeout/controller/controller.v:11]
WARNING: [Synth 8-3848] Net curr_block[92] in module/entity controller does not have driver. [/afs/ee.cooper.edu/user/g/giuseppe.quaratino/tapeout/controller/controller.v:11]
WARNING: [Synth 8-3848] Net curr_block[91] in module/entity controller does not have driver. [/afs/ee.cooper.edu/user/g/giuseppe.quaratino/tapeout/controller/controller.v:11]
WARNING: [Synth 8-3848] Net curr_block[90] in module/entity controller does not have driver. [/afs/ee.cooper.edu/user/g/giuseppe.quaratino/tapeout/controller/controller.v:11]
WARNING: [Synth 8-3848] Net curr_block[89] in module/entity controller does not have driver. [/afs/ee.cooper.edu/user/g/giuseppe.quaratino/tapeout/controller/controller.v:11]
WARNING: [Synth 8-3848] Net curr_block[88] in module/entity controller does not have driver. [/afs/ee.cooper.edu/user/g/giuseppe.quaratino/tapeout/controller/controller.v:11]
WARNING: [Synth 8-3848] Net curr_block[87] in module/entity controller does not have driver. [/afs/ee.cooper.edu/user/g/giuseppe.quaratino/tapeout/controller/controller.v:11]
WARNING: [Synth 8-3848] Net curr_block[86] in module/entity controller does not have driver. [/afs/ee.cooper.edu/user/g/giuseppe.quaratino/tapeout/controller/controller.v:11]
WARNING: [Synth 8-3848] Net curr_block[85] in module/entity controller does not have driver. [/afs/ee.cooper.edu/user/g/giuseppe.quaratino/tapeout/controller/controller.v:11]
WARNING: [Synth 8-3848] Net curr_block[84] in module/entity controller does not have driver. [/afs/ee.cooper.edu/user/g/giuseppe.quaratino/tapeout/controller/controller.v:11]
WARNING: [Synth 8-3848] Net curr_block[83] in module/entity controller does not have driver. [/afs/ee.cooper.edu/user/g/giuseppe.quaratino/tapeout/controller/controller.v:11]
WARNING: [Synth 8-3848] Net curr_block[82] in module/entity controller does not have driver. [/afs/ee.cooper.edu/user/g/giuseppe.quaratino/tapeout/controller/controller.v:11]
WARNING: [Synth 8-3848] Net curr_block[81] in module/entity controller does not have driver. [/afs/ee.cooper.edu/user/g/giuseppe.quaratino/tapeout/controller/controller.v:11]
WARNING: [Synth 8-3848] Net curr_block[80] in module/entity controller does not have driver. [/afs/ee.cooper.edu/user/g/giuseppe.quaratino/tapeout/controller/controller.v:11]
WARNING: [Synth 8-3848] Net curr_block[79] in module/entity controller does not have driver. [/afs/ee.cooper.edu/user/g/giuseppe.quaratino/tapeout/controller/controller.v:11]
WARNING: [Synth 8-3848] Net curr_block[78] in module/entity controller does not have driver. [/afs/ee.cooper.edu/user/g/giuseppe.quaratino/tapeout/controller/controller.v:11]
WARNING: [Synth 8-3848] Net curr_block[77] in module/entity controller does not have driver. [/afs/ee.cooper.edu/user/g/giuseppe.quaratino/tapeout/controller/controller.v:11]
WARNING: [Synth 8-3848] Net curr_block[76] in module/entity controller does not have driver. [/afs/ee.cooper.edu/user/g/giuseppe.quaratino/tapeout/controller/controller.v:11]
WARNING: [Synth 8-3848] Net curr_block[75] in module/entity controller does not have driver. [/afs/ee.cooper.edu/user/g/giuseppe.quaratino/tapeout/controller/controller.v:11]
WARNING: [Synth 8-3848] Net curr_block[74] in module/entity controller does not have driver. [/afs/ee.cooper.edu/user/g/giuseppe.quaratino/tapeout/controller/controller.v:11]
WARNING: [Synth 8-3848] Net curr_block[73] in module/entity controller does not have driver. [/afs/ee.cooper.edu/user/g/giuseppe.quaratino/tapeout/controller/controller.v:11]
WARNING: [Synth 8-3848] Net curr_block[72] in module/entity controller does not have driver. [/afs/ee.cooper.edu/user/g/giuseppe.quaratino/tapeout/controller/controller.v:11]
WARNING: [Synth 8-3848] Net curr_block[71] in module/entity controller does not have driver. [/afs/ee.cooper.edu/user/g/giuseppe.quaratino/tapeout/controller/controller.v:11]
WARNING: [Synth 8-3848] Net curr_block[70] in module/entity controller does not have driver. [/afs/ee.cooper.edu/user/g/giuseppe.quaratino/tapeout/controller/controller.v:11]
WARNING: [Synth 8-3848] Net curr_block[69] in module/entity controller does not have driver. [/afs/ee.cooper.edu/user/g/giuseppe.quaratino/tapeout/controller/controller.v:11]
WARNING: [Synth 8-3848] Net curr_block[68] in module/entity controller does not have driver. [/afs/ee.cooper.edu/user/g/giuseppe.quaratino/tapeout/controller/controller.v:11]
WARNING: [Synth 8-3848] Net curr_block[67] in module/entity controller does not have driver. [/afs/ee.cooper.edu/user/g/giuseppe.quaratino/tapeout/controller/controller.v:11]
WARNING: [Synth 8-3848] Net curr_block[66] in module/entity controller does not have driver. [/afs/ee.cooper.edu/user/g/giuseppe.quaratino/tapeout/controller/controller.v:11]
WARNING: [Synth 8-3848] Net curr_block[65] in module/entity controller does not have driver. [/afs/ee.cooper.edu/user/g/giuseppe.quaratino/tapeout/controller/controller.v:11]
WARNING: [Synth 8-3848] Net curr_block[64] in module/entity controller does not have driver. [/afs/ee.cooper.edu/user/g/giuseppe.quaratino/tapeout/controller/controller.v:11]
WARNING: [Synth 8-3848] Net curr_block[63] in module/entity controller does not have driver. [/afs/ee.cooper.edu/user/g/giuseppe.quaratino/tapeout/controller/controller.v:11]
WARNING: [Synth 8-3848] Net curr_block[62] in module/entity controller does not have driver. [/afs/ee.cooper.edu/user/g/giuseppe.quaratino/tapeout/controller/controller.v:11]
WARNING: [Synth 8-3848] Net curr_block[61] in module/entity controller does not have driver. [/afs/ee.cooper.edu/user/g/giuseppe.quaratino/tapeout/controller/controller.v:11]
WARNING: [Synth 8-3848] Net curr_block[60] in module/entity controller does not have driver. [/afs/ee.cooper.edu/user/g/giuseppe.quaratino/tapeout/controller/controller.v:11]
WARNING: [Synth 8-3848] Net curr_block[59] in module/entity controller does not have driver. [/afs/ee.cooper.edu/user/g/giuseppe.quaratino/tapeout/controller/controller.v:11]
WARNING: [Synth 8-3848] Net curr_block[58] in module/entity controller does not have driver. [/afs/ee.cooper.edu/user/g/giuseppe.quaratino/tapeout/controller/controller.v:11]
WARNING: [Synth 8-3848] Net curr_block[57] in module/entity controller does not have driver. [/afs/ee.cooper.edu/user/g/giuseppe.quaratino/tapeout/controller/controller.v:11]
WARNING: [Synth 8-3848] Net curr_block[56] in module/entity controller does not have driver. [/afs/ee.cooper.edu/user/g/giuseppe.quaratino/tapeout/controller/controller.v:11]
WARNING: [Synth 8-3848] Net curr_block[55] in module/entity controller does not have driver. [/afs/ee.cooper.edu/user/g/giuseppe.quaratino/tapeout/controller/controller.v:11]
WARNING: [Synth 8-3848] Net curr_block[54] in module/entity controller does not have driver. [/afs/ee.cooper.edu/user/g/giuseppe.quaratino/tapeout/controller/controller.v:11]
WARNING: [Synth 8-3848] Net curr_block[53] in module/entity controller does not have driver. [/afs/ee.cooper.edu/user/g/giuseppe.quaratino/tapeout/controller/controller.v:11]
WARNING: [Synth 8-3848] Net curr_block[52] in module/entity controller does not have driver. [/afs/ee.cooper.edu/user/g/giuseppe.quaratino/tapeout/controller/controller.v:11]
WARNING: [Synth 8-3848] Net curr_block[51] in module/entity controller does not have driver. [/afs/ee.cooper.edu/user/g/giuseppe.quaratino/tapeout/controller/controller.v:11]
WARNING: [Synth 8-3848] Net curr_block[50] in module/entity controller does not have driver. [/afs/ee.cooper.edu/user/g/giuseppe.quaratino/tapeout/controller/controller.v:11]
WARNING: [Synth 8-3848] Net curr_block[49] in module/entity controller does not have driver. [/afs/ee.cooper.edu/user/g/giuseppe.quaratino/tapeout/controller/controller.v:11]
WARNING: [Synth 8-3848] Net curr_block[48] in module/entity controller does not have driver. [/afs/ee.cooper.edu/user/g/giuseppe.quaratino/tapeout/controller/controller.v:11]
WARNING: [Synth 8-3848] Net curr_block[47] in module/entity controller does not have driver. [/afs/ee.cooper.edu/user/g/giuseppe.quaratino/tapeout/controller/controller.v:11]
WARNING: [Synth 8-3848] Net curr_block[46] in module/entity controller does not have driver. [/afs/ee.cooper.edu/user/g/giuseppe.quaratino/tapeout/controller/controller.v:11]
WARNING: [Synth 8-3848] Net curr_block[45] in module/entity controller does not have driver. [/afs/ee.cooper.edu/user/g/giuseppe.quaratino/tapeout/controller/controller.v:11]
WARNING: [Synth 8-3848] Net curr_block[44] in module/entity controller does not have driver. [/afs/ee.cooper.edu/user/g/giuseppe.quaratino/tapeout/controller/controller.v:11]
WARNING: [Synth 8-3848] Net curr_block[43] in module/entity controller does not have driver. [/afs/ee.cooper.edu/user/g/giuseppe.quaratino/tapeout/controller/controller.v:11]
WARNING: [Synth 8-3848] Net curr_block[42] in module/entity controller does not have driver. [/afs/ee.cooper.edu/user/g/giuseppe.quaratino/tapeout/controller/controller.v:11]
WARNING: [Synth 8-3848] Net curr_block[41] in module/entity controller does not have driver. [/afs/ee.cooper.edu/user/g/giuseppe.quaratino/tapeout/controller/controller.v:11]
WARNING: [Synth 8-3848] Net curr_block[40] in module/entity controller does not have driver. [/afs/ee.cooper.edu/user/g/giuseppe.quaratino/tapeout/controller/controller.v:11]
WARNING: [Synth 8-3848] Net curr_block[39] in module/entity controller does not have driver. [/afs/ee.cooper.edu/user/g/giuseppe.quaratino/tapeout/controller/controller.v:11]
WARNING: [Synth 8-3848] Net curr_block[38] in module/entity controller does not have driver. [/afs/ee.cooper.edu/user/g/giuseppe.quaratino/tapeout/controller/controller.v:11]
WARNING: [Synth 8-3848] Net curr_block[37] in module/entity controller does not have driver. [/afs/ee.cooper.edu/user/g/giuseppe.quaratino/tapeout/controller/controller.v:11]
WARNING: [Synth 8-3848] Net curr_block[36] in module/entity controller does not have driver. [/afs/ee.cooper.edu/user/g/giuseppe.quaratino/tapeout/controller/controller.v:11]
WARNING: [Synth 8-3848] Net curr_block[35] in module/entity controller does not have driver. [/afs/ee.cooper.edu/user/g/giuseppe.quaratino/tapeout/controller/controller.v:11]
WARNING: [Synth 8-3848] Net curr_block[34] in module/entity controller does not have driver. [/afs/ee.cooper.edu/user/g/giuseppe.quaratino/tapeout/controller/controller.v:11]
WARNING: [Synth 8-3848] Net curr_block[33] in module/entity controller does not have driver. [/afs/ee.cooper.edu/user/g/giuseppe.quaratino/tapeout/controller/controller.v:11]
WARNING: [Synth 8-3848] Net curr_block[32] in module/entity controller does not have driver. [/afs/ee.cooper.edu/user/g/giuseppe.quaratino/tapeout/controller/controller.v:11]
WARNING: [Synth 8-3848] Net curr_block[31] in module/entity controller does not have driver. [/afs/ee.cooper.edu/user/g/giuseppe.quaratino/tapeout/controller/controller.v:11]
WARNING: [Synth 8-3848] Net curr_block[30] in module/entity controller does not have driver. [/afs/ee.cooper.edu/user/g/giuseppe.quaratino/tapeout/controller/controller.v:11]
WARNING: [Synth 8-3848] Net curr_block[29] in module/entity controller does not have driver. [/afs/ee.cooper.edu/user/g/giuseppe.quaratino/tapeout/controller/controller.v:11]
WARNING: [Synth 8-3848] Net curr_block[28] in module/entity controller does not have driver. [/afs/ee.cooper.edu/user/g/giuseppe.quaratino/tapeout/controller/controller.v:11]
INFO: [Common 17-14] Message 'Synth 8-3848' appears 100 times and further instances of the messages will be disabled. Use the Tcl command set_msg_config to change the current settings.
INFO: [Synth 8-6155] done synthesizing module 'controller' (2#1) [/afs/ee.cooper.edu/user/g/giuseppe.quaratino/tapeout/controller/controller.v:7]
WARNING: [Synth 8-3331] design controller has unconnected port curr_block[127][15]
WARNING: [Synth 8-3331] design controller has unconnected port curr_block[127][14]
WARNING: [Synth 8-3331] design controller has unconnected port curr_block[127][13]
WARNING: [Synth 8-3331] design controller has unconnected port curr_block[127][12]
WARNING: [Synth 8-3331] design controller has unconnected port curr_block[127][11]
WARNING: [Synth 8-3331] design controller has unconnected port curr_block[127][10]
WARNING: [Synth 8-3331] design controller has unconnected port curr_block[127][9]
WARNING: [Synth 8-3331] design controller has unconnected port curr_block[127][8]
WARNING: [Synth 8-3331] design controller has unconnected port curr_block[127][7]
WARNING: [Synth 8-3331] design controller has unconnected port curr_block[127][6]
WARNING: [Synth 8-3331] design controller has unconnected port curr_block[127][5]
WARNING: [Synth 8-3331] design controller has unconnected port curr_block[127][4]
WARNING: [Synth 8-3331] design controller has unconnected port curr_block[127][3]
WARNING: [Synth 8-3331] design controller has unconnected port curr_block[127][2]
WARNING: [Synth 8-3331] design controller has unconnected port curr_block[127][1]
WARNING: [Synth 8-3331] design controller has unconnected port curr_block[127][0]
WARNING: [Synth 8-3331] design controller has unconnected port curr_block[126][15]
WARNING: [Synth 8-3331] design controller has unconnected port curr_block[126][14]
WARNING: [Synth 8-3331] design controller has unconnected port curr_block[126][13]
WARNING: [Synth 8-3331] design controller has unconnected port curr_block[126][12]
WARNING: [Synth 8-3331] design controller has unconnected port curr_block[126][11]
WARNING: [Synth 8-3331] design controller has unconnected port curr_block[126][10]
WARNING: [Synth 8-3331] design controller has unconnected port curr_block[126][9]
WARNING: [Synth 8-3331] design controller has unconnected port curr_block[126][8]
WARNING: [Synth 8-3331] design controller has unconnected port curr_block[126][7]
WARNING: [Synth 8-3331] design controller has unconnected port curr_block[126][6]
WARNING: [Synth 8-3331] design controller has unconnected port curr_block[126][5]
WARNING: [Synth 8-3331] design controller has unconnected port curr_block[126][4]
WARNING: [Synth 8-3331] design controller has unconnected port curr_block[126][3]
WARNING: [Synth 8-3331] design controller has unconnected port curr_block[126][2]
WARNING: [Synth 8-3331] design controller has unconnected port curr_block[126][1]
WARNING: [Synth 8-3331] design controller has unconnected port curr_block[126][0]
WARNING: [Synth 8-3331] design controller has unconnected port curr_block[125][15]
WARNING: [Synth 8-3331] design controller has unconnected port curr_block[125][14]
WARNING: [Synth 8-3331] design controller has unconnected port curr_block[125][13]
WARNING: [Synth 8-3331] design controller has unconnected port curr_block[125][12]
WARNING: [Synth 8-3331] design controller has unconnected port curr_block[125][11]
WARNING: [Synth 8-3331] design controller has unconnected port curr_block[125][10]
WARNING: [Synth 8-3331] design controller has unconnected port curr_block[125][9]
WARNING: [Synth 8-3331] design controller has unconnected port curr_block[125][8]
WARNING: [Synth 8-3331] design controller has unconnected port curr_block[125][7]
WARNING: [Synth 8-3331] design controller has unconnected port curr_block[125][6]
WARNING: [Synth 8-3331] design controller has unconnected port curr_block[125][5]
WARNING: [Synth 8-3331] design controller has unconnected port curr_block[125][4]
WARNING: [Synth 8-3331] design controller has unconnected port curr_block[125][3]
WARNING: [Synth 8-3331] design controller has unconnected port curr_block[125][2]
WARNING: [Synth 8-3331] design controller has unconnected port curr_block[125][1]
WARNING: [Synth 8-3331] design controller has unconnected port curr_block[125][0]
WARNING: [Synth 8-3331] design controller has unconnected port curr_block[124][15]
WARNING: [Synth 8-3331] design controller has unconnected port curr_block[124][14]
WARNING: [Synth 8-3331] design controller has unconnected port curr_block[124][13]
WARNING: [Synth 8-3331] design controller has unconnected port curr_block[124][12]
WARNING: [Synth 8-3331] design controller has unconnected port curr_block[124][11]
WARNING: [Synth 8-3331] design controller has unconnected port curr_block[124][10]
WARNING: [Synth 8-3331] design controller has unconnected port curr_block[124][9]
WARNING: [Synth 8-3331] design controller has unconnected port curr_block[124][8]
WARNING: [Synth 8-3331] design controller has unconnected port curr_block[124][7]
WARNING: [Synth 8-3331] design controller has unconnected port curr_block[124][6]
WARNING: [Synth 8-3331] design controller has unconnected port curr_block[124][5]
WARNING: [Synth 8-3331] design controller has unconnected port curr_block[124][4]
WARNING: [Synth 8-3331] design controller has unconnected port curr_block[124][3]
WARNING: [Synth 8-3331] design controller has unconnected port curr_block[124][2]
WARNING: [Synth 8-3331] design controller has unconnected port curr_block[124][1]
WARNING: [Synth 8-3331] design controller has unconnected port curr_block[124][0]
WARNING: [Synth 8-3331] design controller has unconnected port curr_block[123][15]
WARNING: [Synth 8-3331] design controller has unconnected port curr_block[123][14]
WARNING: [Synth 8-3331] design controller has unconnected port curr_block[123][13]
WARNING: [Synth 8-3331] design controller has unconnected port curr_block[123][12]
WARNING: [Synth 8-3331] design controller has unconnected port curr_block[123][11]
WARNING: [Synth 8-3331] design controller has unconnected port curr_block[123][10]
WARNING: [Synth 8-3331] design controller has unconnected port curr_block[123][9]
WARNING: [Synth 8-3331] design controller has unconnected port curr_block[123][8]
WARNING: [Synth 8-3331] design controller has unconnected port curr_block[123][7]
WARNING: [Synth 8-3331] design controller has unconnected port curr_block[123][6]
WARNING: [Synth 8-3331] design controller has unconnected port curr_block[123][5]
WARNING: [Synth 8-3331] design controller has unconnected port curr_block[123][4]
WARNING: [Synth 8-3331] design controller has unconnected port curr_block[123][3]
WARNING: [Synth 8-3331] design controller has unconnected port curr_block[123][2]
WARNING: [Synth 8-3331] design controller has unconnected port curr_block[123][1]
WARNING: [Synth 8-3331] design controller has unconnected port curr_block[123][0]
WARNING: [Synth 8-3331] design controller has unconnected port curr_block[122][15]
WARNING: [Synth 8-3331] design controller has unconnected port curr_block[122][14]
WARNING: [Synth 8-3331] design controller has unconnected port curr_block[122][13]
WARNING: [Synth 8-3331] design controller has unconnected port curr_block[122][12]
WARNING: [Synth 8-3331] design controller has unconnected port curr_block[122][11]
WARNING: [Synth 8-3331] design controller has unconnected port curr_block[122][10]
WARNING: [Synth 8-3331] design controller has unconnected port curr_block[122][9]
WARNING: [Synth 8-3331] design controller has unconnected port curr_block[122][8]
WARNING: [Synth 8-3331] design controller has unconnected port curr_block[122][7]
WARNING: [Synth 8-3331] design controller has unconnected port curr_block[122][6]
WARNING: [Synth 8-3331] design controller has unconnected port curr_block[122][5]
WARNING: [Synth 8-3331] design controller has unconnected port curr_block[122][4]
WARNING: [Synth 8-3331] design controller has unconnected port curr_block[122][3]
WARNING: [Synth 8-3331] design controller has unconnected port curr_block[122][2]
WARNING: [Synth 8-3331] design controller has unconnected port curr_block[122][1]
WARNING: [Synth 8-3331] design controller has unconnected port curr_block[122][0]
WARNING: [Synth 8-3331] design controller has unconnected port curr_block[121][15]
WARNING: [Synth 8-3331] design controller has unconnected port curr_block[121][14]
WARNING: [Synth 8-3331] design controller has unconnected port curr_block[121][13]
WARNING: [Synth 8-3331] design controller has unconnected port curr_block[121][12]
INFO: [Common 17-14] Message 'Synth 8-3331' appears 100 times and further instances of the messages will be disabled. Use the Tcl command set_msg_config to change the current settings.
---------------------------------------------------------------------------------
Finished Synthesize : Time (s): cpu = 00:00:06 ; elapsed = 00:00:08 . Memory (MB): peak = 1800.125 ; gain = 432.441 ; free physical = 558 ; free virtual = 18642
---------------------------------------------------------------------------------
---------------------------------------------------------------------------------
Finished Constraint Validation : Time (s): cpu = 00:00:06 ; elapsed = 00:00:09 . Memory (MB): peak = 1800.125 ; gain = 432.441 ; free physical = 556 ; free virtual = 18641
---------------------------------------------------------------------------------
---------------------------------------------------------------------------------
Start Loading Part and Timing Information
---------------------------------------------------------------------------------
Loading part: xc7z020clg484-1
---------------------------------------------------------------------------------
Finished Loading Part and Timing Information : Time (s): cpu = 00:00:06 ; elapsed = 00:00:09 . Memory (MB): peak = 1808.129 ; gain = 440.445 ; free physical = 556 ; free virtual = 18641
---------------------------------------------------------------------------------
INFO: [Device 21-403] Loading part xc7z020clg484-1
---------------------------------------------------------------------------------
Finished RTL Optimization Phase 2 : Time (s): cpu = 00:00:07 ; elapsed = 00:00:10 . Memory (MB): peak = 1808.129 ; gain = 440.445 ; free physical = 418 ; free virtual = 18527
---------------------------------------------------------------------------------

Report RTL Partitions: 
+-+--------------+------------+----------+
| |RTL Partition |Replication |Instances |
+-+--------------+------------+----------+
+-+--------------+------------+----------+
No constraint files found.
---------------------------------------------------------------------------------
Start RTL Component Statistics 
---------------------------------------------------------------------------------
Detailed RTL Component Info : 
+---Registers : 
	              128 Bit    Registers := 4     
	                1 Bit    Registers := 8     
+---RAMs : 
	           16384K Bit         RAMs := 2     
---------------------------------------------------------------------------------
Finished RTL Component Statistics 
---------------------------------------------------------------------------------
---------------------------------------------------------------------------------
Start RTL Hierarchical Component Statistics 
---------------------------------------------------------------------------------
Hierarchical RTL Component report 
Module sram_1rw1r_128x65536_128 
Detailed RTL Component Info : 
+---Registers : 
	              128 Bit    Registers := 2     
	                1 Bit    Registers := 4     
+---RAMs : 
	           16384K Bit         RAMs := 1     
---------------------------------------------------------------------------------
Finished RTL Hierarchical Component Statistics
---------------------------------------------------------------------------------
---------------------------------------------------------------------------------
Start Part Resource Summary
---------------------------------------------------------------------------------
Part Resources:
DSPs: 220 (col length:60)
BRAMs: 280 (col length: RAMB18 60 RAMB36 30)
---------------------------------------------------------------------------------
Finished Part Resource Summary
---------------------------------------------------------------------------------
No constraint files found.
---------------------------------------------------------------------------------
Start Cross Boundary and Area Optimization
---------------------------------------------------------------------------------
Warning: Parallel synthesis criteria is not met 
INFO: [Synth 8-4471] merging register 'frameB/web0_reg_reg' into 'frameA/web0_reg_reg' [/afs/ee.cooper.edu/user/g/giuseppe.quaratino/tapeout/controller/sram_1rw1r_128x65536_128.v:56]
INFO: [Synth 8-4471] merging register 'frameB/wmask0_reg_reg[0:0]' into 'frameA/wmask0_reg_reg[0:0]' [/afs/ee.cooper.edu/user/g/giuseppe.quaratino/tapeout/controller/sram_1rw1r_128x65536_128.v:57]
WARNING: [Synth 8-6014] Unused sequential element frameA/mem_reg was removed. 
WARNING: [Synth 8-6014] Unused sequential element frameB/mem_reg was removed. 
---------------------------------------------------------------------------------
Finished Cross Boundary and Area Optimization : Time (s): cpu = 00:00:09 ; elapsed = 00:00:12 . Memory (MB): peak = 1808.129 ; gain = 440.445 ; free physical = 301 ; free virtual = 18442
---------------------------------------------------------------------------------

Report RTL Partitions: 
+-+--------------+------------+----------+
| |RTL Partition |Replication |Instances |
+-+--------------+------------+----------+
+-+--------------+------------+----------+
No constraint files found.
---------------------------------------------------------------------------------
Start Timing Optimization
---------------------------------------------------------------------------------
---------------------------------------------------------------------------------
Finished Timing Optimization : Time (s): cpu = 00:00:09 ; elapsed = 00:00:13 . Memory (MB): peak = 1808.129 ; gain = 440.445 ; free physical = 300 ; free virtual = 18440
---------------------------------------------------------------------------------

Report RTL Partitions: 
+-+--------------+------------+----------+
| |RTL Partition |Replication |Instances |
+-+--------------+------------+----------+
+-+--------------+------------+----------+
---------------------------------------------------------------------------------
Start Technology Mapping
---------------------------------------------------------------------------------
---------------------------------------------------------------------------------
Finished Technology Mapping : Time (s): cpu = 00:00:09 ; elapsed = 00:00:13 . Memory (MB): peak = 1808.129 ; gain = 440.445 ; free physical = 299 ; free virtual = 18440
---------------------------------------------------------------------------------

Report RTL Partitions: 
+-+--------------+------------+----------+
| |RTL Partition |Replication |Instances |
+-+--------------+------------+----------+
+-+--------------+------------+----------+
---------------------------------------------------------------------------------
Start IO Insertion
---------------------------------------------------------------------------------
---------------------------------------------------------------------------------
Start Flattening Before IO Insertion
---------------------------------------------------------------------------------
---------------------------------------------------------------------------------
Finished Flattening Before IO Insertion
---------------------------------------------------------------------------------
---------------------------------------------------------------------------------
Start Final Netlist Cleanup
---------------------------------------------------------------------------------
---------------------------------------------------------------------------------
Finished Final Netlist Cleanup
---------------------------------------------------------------------------------
---------------------------------------------------------------------------------
Finished IO Insertion : Time (s): cpu = 00:00:09 ; elapsed = 00:00:13 . Memory (MB): peak = 1808.129 ; gain = 440.445 ; free physical = 300 ; free virtual = 18440
---------------------------------------------------------------------------------

Report Check Netlist: 
+------+------------------+-------+---------+-------+------------------+
|      |Item              |Errors |Warnings |Status |Description       |
+------+------------------+-------+---------+-------+------------------+
|1     |multi_driven_nets |      0|        0|Passed |Multi driven nets |
+------+------------------+-------+---------+-------+------------------+
---------------------------------------------------------------------------------
Start Renaming Generated Instances
---------------------------------------------------------------------------------
---------------------------------------------------------------------------------
Finished Renaming Generated Instances : Time (s): cpu = 00:00:09 ; elapsed = 00:00:13 . Memory (MB): peak = 1808.129 ; gain = 440.445 ; free physical = 300 ; free virtual = 18440
---------------------------------------------------------------------------------

Report RTL Partitions: 
+-+--------------+------------+----------+
| |RTL Partition |Replication |Instances |
+-+--------------+------------+----------+
+-+--------------+------------+----------+
---------------------------------------------------------------------------------
Start Rebuilding User Hierarchy
---------------------------------------------------------------------------------
---------------------------------------------------------------------------------
Finished Rebuilding User Hierarchy : Time (s): cpu = 00:00:09 ; elapsed = 00:00:13 . Memory (MB): peak = 1808.129 ; gain = 440.445 ; free physical = 300 ; free virtual = 18440
---------------------------------------------------------------------------------
---------------------------------------------------------------------------------
Start Renaming Generated Ports
---------------------------------------------------------------------------------
---------------------------------------------------------------------------------
Finished Renaming Generated Ports : Time (s): cpu = 00:00:09 ; elapsed = 00:00:13 . Memory (MB): peak = 1808.129 ; gain = 440.445 ; free physical = 300 ; free virtual = 18440
---------------------------------------------------------------------------------
---------------------------------------------------------------------------------
Start Handling Custom Attributes
---------------------------------------------------------------------------------
---------------------------------------------------------------------------------
Finished Handling Custom Attributes : Time (s): cpu = 00:00:09 ; elapsed = 00:00:13 . Memory (MB): peak = 1808.129 ; gain = 440.445 ; free physical = 300 ; free virtual = 18440
---------------------------------------------------------------------------------
---------------------------------------------------------------------------------
Start Renaming Generated Nets
---------------------------------------------------------------------------------
---------------------------------------------------------------------------------
Finished Renaming Generated Nets : Time (s): cpu = 00:00:09 ; elapsed = 00:00:13 . Memory (MB): peak = 1808.129 ; gain = 440.445 ; free physical = 299 ; free virtual = 18440
---------------------------------------------------------------------------------
---------------------------------------------------------------------------------
Start Writing Synthesis Report
---------------------------------------------------------------------------------

Report BlackBoxes: 
+-+--------------+----------+
| |BlackBox name |Instances |
+-+--------------+----------+
+-+--------------+----------+

Report Cell Usage: 
+------+------+------+
|      |Cell  |Count |
+------+------+------+
|1     |OBUFT |  4096|
+------+------+------+

Report Instance Areas: 
+------+---------+-------+------+
|      |Instance |Module |Cells |
+------+---------+-------+------+
|1     |top      |       |  4096|
+------+---------+-------+------+
---------------------------------------------------------------------------------
Finished Writing Synthesis Report : Time (s): cpu = 00:00:09 ; elapsed = 00:00:13 . Memory (MB): peak = 1808.129 ; gain = 440.445 ; free physical = 299 ; free virtual = 18440
---------------------------------------------------------------------------------
Synthesis finished with 0 errors, 0 critical warnings and 8461 warnings.
Synthesis Optimization Runtime : Time (s): cpu = 00:00:09 ; elapsed = 00:00:13 . Memory (MB): peak = 1808.129 ; gain = 440.445 ; free physical = 299 ; free virtual = 18440
Synthesis Optimization Complete : Time (s): cpu = 00:00:09 ; elapsed = 00:00:13 . Memory (MB): peak = 1808.137 ; gain = 440.445 ; free physical = 313 ; free virtual = 18453
INFO: [Project 1-571] Translating synthesized netlist
WARNING: [Netlist 29-101] Netlist 'controller' is not ideal for floorplanning, since the cellview 'controller' contains a large number of primitives.  Please consider enabling hierarchy in synthesis if you want to do floorplanning.
INFO: [Project 1-570] Preparing netlist for logic optimization
INFO: [Opt 31-138] Pushed 0 inverter(s) to 0 load pin(s).
Netlist sorting complete. Time (s): cpu = 00:00:00 ; elapsed = 00:00:00 . Memory (MB): peak = 1808.137 ; gain = 0.000 ; free physical = 188 ; free virtual = 18346
INFO: [Project 1-111] Unisim Transformation Summary:
No Unisim elements were transformed.

INFO: [Common 17-83] Releasing license: Synthesis
15 Infos, 210 Warnings, 0 Critical Warnings and 0 Errors encountered.
synth_design completed successfully
synth_design: Time (s): cpu = 00:00:11 ; elapsed = 00:00:15 . Memory (MB): peak = 1808.137 ; gain = 440.605 ; free physical = 286 ; free virtual = 18443
Netlist sorting complete. Time (s): cpu = 00:00:00 ; elapsed = 00:00:00 . Memory (MB): peak = 1808.137 ; gain = 0.000 ; free physical = 286 ; free virtual = 18443
WARNING: [Constraints 18-5210] No constraints selected for write.
Resolution: This message can indicate that there are no constraints for the design, or it can indicate that the used_in flags are set such that the constraints are ignored. This later case is used when running synth_design to not write synthesis constraints to the resulting checkpoint. Instead, project constraints are read when the synthesized design is opened.
INFO: [Common 17-1381] The checkpoint '/afs/ee.cooper.edu/user/g/giuseppe.quaratino/tapeout/controller/tapeout_controller/tapeout_controller.runs/synth_1/controller.dcp' has been generated.
INFO: [runtcl-4] Executing : report_utilization -file controller_utilization_synth.rpt -pb controller_utilization_synth.pb
INFO: [Common 17-206] Exiting Vivado at Sun Mar 19 23:03:58 2023...
